********************************************************************************
DUPLICATOR-LITE PACKAGE-LOG: 2017-03-22 10:00:39
NOTICE: Do NOT post to public sites or forums 
********************************************************************************
VERSION:	1.1.34
WORDPRESS:	4.7.3
PHP INFO:	7.1.1 | SAPI: apache2handler
SERVER:		Apache/2.4.25 (Win32) OpenSSL/1.0.2j PHP/7.1.1 
PHP TIME LIMIT: (0) no time limit imposed 
PHP MAX MEMORY: 2048M (128M default) 
MEMORY STACK: 4MB 

********************************************************************************
DATABASE:
********************************************************************************
BUILD MODE:   PHP(query limit - 100)
MYSQLTIMEOUT: 5000
MYSQLDUMP:    Is Supported 
TABLES: total:54 | filtered:0 | create:54 
FILTERED: [] 
SQL CREATED: 20160920_rainbowinsight_58d24b19d4b3e9412170322095953_database.sql 
SQL FILE SIZE: 1.59MB (1670696) 
SQL FILE TIME: 2017-03-22 10:00:39 
SQL RUNTIME: 0.16 sec. 

******************************************************************************** 
ARCHIVE (ZIP): 
******************************************************************************** 
ARCHIVE DIR:  C:/xampp/htdocs/rainbow 
ARCHIVE FILE: 20160920_rainbowinsight_58d24b19d4b3e9412170322095953_archive.zip 
FILTERS: *OFF* 
DIRS: not set 
EXTS:  not set 
---------------------------------------- 
COMPRESSING 
SIZE:	58.31MB 
STATS:	Dirs 402 | Files 2,820 
SQL ADDED: 20160920_rainbowinsight_58d24b19d4b3e9412170322095953_database.sql 
ZipArchive Object
(
    [status] => 0
    [statusSys] => 0
    [numFiles] => 3222
    [filename] => C:\xampp\htdocs\rainbow\wp-snapshots\tmp\20160920_rainbowinsight_58d24b19d4b3e9412170322095953_archive.zip
    [comment] => 
)
 
COMPRESSION RESULT: '1' 
COMPRESSED SIZE: 33.31MB 
ARCHIVE RUNTIME: 11.20 sec. 
MEMORY STACK: 4MB 

******************************************************************************** 
MAKE INSTALLER: 
******************************************************************************** 
Build Start 
Build Finished 
Preping for use 
Template parsed with new data 
Complete [C:/xampp/htdocs/rainbow/wp-snapshots/tmp/20160920_rainbowinsight_58d24b19d4b3e9412170322095953_installer.php] 
Added to archive 

******************************************************************************** 
INTEGRITY CHECKS: 
******************************************************************************** 
SQL File: 1.59MB 
Installer File: 394.7KB 
Archive File: 33.31MB  

********************************************************************************
RECORD ID:[1]
TOTAL PROCESS RUNTIME: 11.61 sec.
PEAK PHP MEMORY USED: 6MB
DONE PROCESSING => 20160920_rainbowinsight 2017-03-22 10:00:50
 
